Started GET "/" for ::1 at 2022-08-04 11:08:43 +0530
  
Mysql2::Error::ConnectionError (Access denied for user 'root'@'localhost' (using password: NO)):
  
mysql2 (0.5.4) lib/mysql2/client.rb:95:in `connect'
mysql2 (0.5.4) lib/mysql2/client.rb:95:in `initialize'
activerecord (6.0.5.1) lib/active_record/connection_adapters/mysql2_adapter.rb:24:in `new'
activerecord (6.0.5.1) lib/active_record/connection_adapters/mysql2_adapter.rb:24:in `mysql2_connection'
activerecord (6.0.5.1) lib/active_record/connection_adapters/abstract/connection_pool.rb:887:in `new_connection'
activerecord (6.0.5.1) lib/active_record/connection_adapters/abstract/connection_pool.rb:931:in `checkout_new_connection'
activerecord (6.0.5.1) lib/active_record/connection_adapters/abstract/connection_pool.rb:910:in `try_to_checkout_new_connection'
activerecord (6.0.5.1) lib/active_record/connection_adapters/abstract/connection_pool.rb:871:in `acquire_connection'
activerecord (6.0.5.1) lib/active_record/connection_adapters/abstract/connection_pool.rb:593:in `checkout'
activerecord (6.0.5.1) lib/active_record/connection_adapters/abstract/connection_pool.rb:437:in `connection'
activerecord (6.0.5.1) lib/active_record/connection_adapters/abstract/connection_pool.rb:1125:in `retrieve_connection'
activerecord (6.0.5.1) lib/active_record/connection_handling.rb:221:in `retrieve_connection'
activerecord (6.0.5.1) lib/active_record/connection_handling.rb:189:in `connection'
activerecord (6.0.5.1) lib/active_record/migration.rb:562:in `call'
actionpack (6.0.5.1) lib/action_dispatch/middleware/callbacks.rb:27:in `block in call'
activesupport (6.0.5.1) lib/active_support/callbacks.rb:101:in `run_callbacks'
actionpack (6.0.5.1) lib/action_dispatch/middleware/callbacks.rb:26:in `call'
actionpack (6.0.5.1) lib/action_dispatch/middleware/executor.rb:14:in `call'
actionpack (6.0.5.1) lib/action_dispatch/middleware/actionable_exceptions.rb:18:in `call'
actionpack (6.0.5.1) lib/action_dispatch/middleware/debug_exceptions.rb:32:in `call'
web-console (4.2.0) lib/web_console/middleware.rb:132:in `call_app'
web-console (4.2.0) lib/web_console/middleware.rb:28:in `block in call'
web-console (4.2.0) lib/web_console/middleware.rb:17:in `catch'
web-console (4.2.0) lib/web_console/middleware.rb:17:in `call'
actionpack (6.0.5.1) lib/action_dispatch/middleware/show_exceptions.rb:33:in `call'
railties (6.0.5.1) lib/rails/rack/logger.rb:37:in `call_app'
railties (6.0.5.1) lib/rails/rack/logger.rb:26:in `block in call'
activesupport (6.0.5.1) lib/active_support/tagged_logging.rb:80:in `block in tagged'
activesupport (6.0.5.1) lib/active_support/tagged_logging.rb:28:in `tagged'
activesupport (6.0.5.1) lib/active_support/tagged_logging.rb:80:in `tagged'
railties (6.0.5.1) lib/rails/rack/logger.rb:26:in `call'
sprockets-rails (3.4.2) lib/sprockets/rails/quiet_assets.rb:13:in `call'
actionpack (6.0.5.1) lib/action_dispatch/middleware/remote_ip.rb:81:in `call'
actionpack (6.0.5.1) lib/action_dispatch/middleware/request_id.rb:27:in `call'
rack (2.2.4) lib/rack/method_override.rb:24:in `call'
rack (2.2.4) lib/rack/runtime.rb:22:in `call'
activesupport (6.0.5.1) lib/active_support/cache/strategy/local_cache_middleware.rb:29:in `call'
actionpack (6.0.5.1) lib/action_dispatch/middleware/executor.rb:14:in `call'
actionpack (6.0.5.1) lib/action_dispatch/middleware/static.rb:126:in `call'
rack (2.2.4) lib/rack/sendfile.rb:110:in `call'
actionpack (6.0.5.1) lib/action_dispatch/middleware/host_authorization.rb:103:in `call'
webpacker (4.3.0) lib/webpacker/dev_server_proxy.rb:23:in `perform_request'
rack-proxy (0.7.2) lib/rack/proxy.rb:67:in `call'
railties (6.0.5.1) lib/rails/engine.rb:527:in `call'
puma (4.3.12) lib/puma/configuration.rb:228:in `call'
puma (4.3.12) lib/puma/server.rb:727:in `handle_request'
puma (4.3.12) lib/puma/server.rb:476:in `process_client'
puma (4.3.12) lib/puma/server.rb:332:in `block in run'
puma (4.3.12) lib/puma/thread_pool.rb:134:in `block in spawn_thread'
Started GET "/" for ::1 at 2022-08-04 11:09:50 +0530
  
ActiveRecord::NoDatabaseError (Unknown database 'salon_app_development'):
  
activerecord (6.0.5.1) lib/active_record/connection_adapters/mysql2_adapter.rb:28:in `rescue in mysql2_connection'
activerecord (6.0.5.1) lib/active_record/connection_adapters/mysql2_adapter.rb:14:in `mysql2_connection'
activerecord (6.0.5.1) lib/active_record/connection_adapters/abstract/connection_pool.rb:887:in `new_connection'
activerecord (6.0.5.1) lib/active_record/connection_adapters/abstract/connection_pool.rb:931:in `checkout_new_connection'
activerecord (6.0.5.1) lib/active_record/connection_adapters/abstract/connection_pool.rb:910:in `try_to_checkout_new_connection'
activerecord (6.0.5.1) lib/active_record/connection_adapters/abstract/connection_pool.rb:871:in `acquire_connection'
activerecord (6.0.5.1) lib/active_record/connection_adapters/abstract/connection_pool.rb:593:in `checkout'
activerecord (6.0.5.1) lib/active_record/connection_adapters/abstract/connection_pool.rb:437:in `connection'
activerecord (6.0.5.1) lib/active_record/connection_adapters/abstract/connection_pool.rb:1125:in `retrieve_connection'
activerecord (6.0.5.1) lib/active_record/connection_handling.rb:221:in `retrieve_connection'
activerecord (6.0.5.1) lib/active_record/connection_handling.rb:189:in `connection'
activerecord (6.0.5.1) lib/active_record/migration.rb:562:in `call'
actionpack (6.0.5.1) lib/action_dispatch/middleware/callbacks.rb:27:in `block in call'
activesupport (6.0.5.1) lib/active_support/callbacks.rb:101:in `run_callbacks'
actionpack (6.0.5.1) lib/action_dispatch/middleware/callbacks.rb:26:in `call'
actionpack (6.0.5.1) lib/action_dispatch/middleware/executor.rb:14:in `call'
actionpack (6.0.5.1) lib/action_dispatch/middleware/actionable_exceptions.rb:18:in `call'
actionpack (6.0.5.1) lib/action_dispatch/middleware/debug_exceptions.rb:32:in `call'
web-console (4.2.0) lib/web_console/middleware.rb:132:in `call_app'
web-console (4.2.0) lib/web_console/middleware.rb:28:in `block in call'
web-console (4.2.0) lib/web_console/middleware.rb:17:in `catch'
web-console (4.2.0) lib/web_console/middleware.rb:17:in `call'
actionpack (6.0.5.1) lib/action_dispatch/middleware/show_exceptions.rb:33:in `call'
railties (6.0.5.1) lib/rails/rack/logger.rb:37:in `call_app'
railties (6.0.5.1) lib/rails/rack/logger.rb:26:in `block in call'
activesupport (6.0.5.1) lib/active_support/tagged_logging.rb:80:in `block in tagged'
activesupport (6.0.5.1) lib/active_support/tagged_logging.rb:28:in `tagged'
activesupport (6.0.5.1) lib/active_support/tagged_logging.rb:80:in `tagged'
railties (6.0.5.1) lib/rails/rack/logger.rb:26:in `call'
sprockets-rails (3.4.2) lib/sprockets/rails/quiet_assets.rb:13:in `call'
actionpack (6.0.5.1) lib/action_dispatch/middleware/remote_ip.rb:81:in `call'
actionpack (6.0.5.1) lib/action_dispatch/middleware/request_id.rb:27:in `call'
rack (2.2.4) lib/rack/method_override.rb:24:in `call'
rack (2.2.4) lib/rack/runtime.rb:22:in `call'
activesupport (6.0.5.1) lib/active_support/cache/strategy/local_cache_middleware.rb:29:in `call'
actionpack (6.0.5.1) lib/action_dispatch/middleware/executor.rb:14:in `call'
actionpack (6.0.5.1) lib/action_dispatch/middleware/static.rb:126:in `call'
rack (2.2.4) lib/rack/sendfile.rb:110:in `call'
actionpack (6.0.5.1) lib/action_dispatch/middleware/host_authorization.rb:103:in `call'
webpacker (4.3.0) lib/webpacker/dev_server_proxy.rb:23:in `perform_request'
rack-proxy (0.7.2) lib/rack/proxy.rb:67:in `call'
railties (6.0.5.1) lib/rails/engine.rb:527:in `call'
puma (4.3.12) lib/puma/configuration.rb:228:in `call'
puma (4.3.12) lib/puma/server.rb:727:in `handle_request'
puma (4.3.12) lib/puma/server.rb:476:in `process_client'
puma (4.3.12) lib/puma/server.rb:332:in `block in run'
puma (4.3.12) lib/puma/thread_pool.rb:134:in `block in spawn_thread'
Started GET "/" for ::1 at 2022-08-04 11:11:45 +0530
Processing by Rails::WelcomeController#index as HTML
  Rendering /home/bacancy/.rvm/gems/ruby-2.7.2/gems/railties-6.0.5.1/lib/rails/templates/rails/welcome/index.html.erb
  Rendered /home/bacancy/.rvm/gems/ruby-2.7.2/gems/railties-6.0.5.1/lib/rails/templates/rails/welcome/index.html.erb (Duration: 31.2ms | Allocations: 297)
Completed 200 OK in 67ms (Views: 33.3ms | ActiveRecord: 0.0ms | Allocations: 3016)


Started GET "/" for ::1 at 2022-08-04 11:14:50 +0530
Processing by HomeController#index as HTML
  Rendering home/index.html.erb within layouts/application
  Rendered home/index.html.erb within layouts/application (Duration: 0.5ms | Allocations: 187)
[Webpacker] Compiling...
[Webpacker] Compiled all packs in /home/bacancy/UdemyProject/Salon_App/salon_app/public/packs
[Webpacker] Though the "loose" option was set to "false" in your @babel/preset-env config, it will not be used for @babel/plugin-proposal-private-property-in-object since the "loose" mode option was set to "true" for @babel/plugin-proposal-class-properties.
The "loose" option must be the same for @babel/plugin-proposal-class-properties, @babel/plugin-proposal-private-methods and @babel/plugin-proposal-private-property-in-object (when they are enabled): you can silence this warning by explicitly adding
	["@babel/plugin-proposal-private-property-in-object", { "loose": true }]
to the "plugins" section of your Babel config.
Though the "loose" option was set to "false" in your @babel/preset-env config, it will not be used for @babel/plugin-proposal-private-methods since the "loose" mode option was set to "true" for @babel/plugin-proposal-private-property-in-object.
The "loose" option must be the same for @babel/plugin-proposal-class-properties, @babel/plugin-proposal-private-methods and @babel/plugin-proposal-private-property-in-object (when they are enabled): you can silence this warning by explicitly adding
	["@babel/plugin-proposal-private-methods", { "loose": true }]
to the "plugins" section of your Babel config.
Though the "loose" option was set to "false" in your @babel/preset-env config, it will not be used for @babel/plugin-proposal-private-property-in-object since the "loose" mode option was set to "true" for @babel/plugin-proposal-class-properties.
The "loose" option must be the same for @babel/plugin-proposal-class-properties, @babel/plugin-proposal-private-methods and @babel/plugin-proposal-private-property-in-object (when they are enabled): you can silence this warning by explicitly adding
	["@babel/plugin-proposal-private-property-in-object", { "loose": true }]
to the "plugins" section of your Babel config.
Though the "loose" option was set to "false" in your @babel/preset-env config, it will not be used for @babel/plugin-proposal-private-methods since the "loose" mode option was set to "true" for @babel/plugin-proposal-private-property-in-object.
The "loose" option must be the same for @babel/plugin-proposal-class-properties, @babel/plugin-proposal-private-methods and @babel/plugin-proposal-private-property-in-object (when they are enabled): you can silence this warning by explicitly adding
	["@babel/plugin-proposal-private-methods", { "loose": true }]
to the "plugins" section of your Babel config.
Though the "loose" option was set to "false" in your @babel/preset-env config, it will not be used for @babel/plugin-proposal-private-property-in-object since the "loose" mode option was set to "true" for @babel/plugin-proposal-class-properties.
The "loose" option must be the same for @babel/plugin-proposal-class-properties, @babel/plugin-proposal-private-methods and @babel/plugin-proposal-private-property-in-object (when they are enabled): you can silence this warning by explicitly adding
	["@babel/plugin-proposal-private-property-in-object", { "loose": true }]
to the "plugins" section of your Babel config.
Though the "loose" option was set to "false" in your @babel/preset-env config, it will not be used for @babel/plugin-proposal-private-methods since the "loose" mode option was set to "true" for @babel/plugin-proposal-private-property-in-object.
The "loose" option must be the same for @babel/plugin-proposal-class-properties, @babel/plugin-proposal-private-methods and @babel/plugin-proposal-private-property-in-object (when they are enabled): you can silence this warning by explicitly adding
	["@babel/plugin-proposal-private-methods", { "loose": true }]
to the "plugins" section of your Babel config.
Though the "loose" option was set to "false" in your @babel/preset-env config, it will not be used for @babel/plugin-proposal-private-property-in-object since the "loose" mode option was set to "true" for @babel/plugin-proposal-class-properties.
The "loose" option must be the same for @babel/plugin-proposal-class-properties, @babel/plugin-proposal-private-methods and @babel/plugin-proposal-private-property-in-object (when they are enabled): you can silence this warning by explicitly adding
	["@babel/plugin-proposal-private-property-in-object", { "loose": true }]
to the "plugins" section of your Babel config.
Though the "loose" option was set to "false" in your @babel/preset-env config, it will not be used for @babel/plugin-proposal-private-methods since the "loose" mode option was set to "true" for @babel/plugin-proposal-private-property-in-object.
The "loose" option must be the same for @babel/plugin-proposal-class-properties, @babel/plugin-proposal-private-methods and @babel/plugin-proposal-private-property-in-object (when they are enabled): you can silence this warning by explicitly adding
	["@babel/plugin-proposal-private-methods", { "loose": true }]
to the "plugins" section of your Babel config.
Though the "loose" option was set to "false" in your @babel/preset-env config, it will not be used for @babel/plugin-proposal-private-property-in-object since the "loose" mode option was set to "true" for @babel/plugin-proposal-class-properties.
The "loose" option must be the same for @babel/plugin-proposal-class-properties, @babel/plugin-proposal-private-methods and @babel/plugin-proposal-private-property-in-object (when they are enabled): you can silence this warning by explicitly adding
	["@babel/plugin-proposal-private-property-in-object", { "loose": true }]
to the "plugins" section of your Babel config.
Though the "loose" option was set to "false" in your @babel/preset-env config, it will not be used for @babel/plugin-proposal-private-methods since the "loose" mode option was set to "true" for @babel/plugin-proposal-private-property-in-object.
The "loose" option must be the same for @babel/plugin-proposal-class-properties, @babel/plugin-proposal-private-methods and @babel/plugin-proposal-private-property-in-object (when they are enabled): you can silence this warning by explicitly adding
	["@babel/plugin-proposal-private-methods", { "loose": true }]
to the "plugins" section of your Babel config.

[Webpacker] Hash: 723d3d26ed117f081b59
Version: webpack 4.46.0
Time: 1099ms
Built at: 04/08/2022 11:14:53 am
                                     Asset       Size       Chunks                         Chunk Names
    js/application-69f1934bcb81066d6a9f.js    120 KiB  application  [emitted] [immutable]  application
js/application-69f1934bcb81066d6a9f.js.map    136 KiB  application  [emitted] [dev]        application
                             manifest.json  364 bytes               [emitted]              
Entrypoint application = js/application-69f1934bcb81066d6a9f.js js/application-69f1934bcb81066d6a9f.js.map
[./app/javascript/channels sync recursive _channel\.js$] ./app/javascript/channels sync _channel\.js$ 160 bytes {application} [built]
[./app/javascript/channels/index.js] 211 bytes {application} [built]
[./app/javascript/packs/application.js] 749 bytes {application} [built]
    + 3 hidden modules

Completed 200 OK in 2245ms (Views: 2236.7ms | ActiveRecord: 0.0ms | Allocations: 16818)


Started GET "/" for ::1 at 2022-08-04 11:19:51 +0530
Processing by HomeController#index as HTML
  Rendering home/index.html.erb within layouts/application
  Rendered home/index.html.erb within layouts/application (Duration: 0.4ms | Allocations: 88)
[Webpacker] Everything's up-to-date. Nothing to do
Completed 200 OK in 11ms (Views: 9.0ms | ActiveRecord: 0.0ms | Allocations: 4404)


Started GET "/" for ::1 at 2022-08-04 11:34:53 +0530
Processing by HomeController#index as HTML
  Rendering home/index.html.erb within layouts/application
  Rendered home/index.html.erb within layouts/application (Duration: 0.4ms | Allocations: 76)
[Webpacker] Everything's up-to-date. Nothing to do
Completed 200 OK in 21ms (Views: 19.3ms | ActiveRecord: 0.0ms | Allocations: 7616)


Started GET "/" for ::1 at 2022-08-04 11:35:38 +0530
Processing by HomeController#index as HTML
  Rendering home/index.html.erb within layouts/application
  Rendered home/index.html.erb within layouts/application (Duration: 0.1ms | Allocations: 5)
[Webpacker] Everything's up-to-date. Nothing to do
Completed 200 OK in 15ms (Views: 14.5ms | ActiveRecord: 0.0ms | Allocations: 6636)


Started GET "/" for ::1 at 2022-08-04 11:35:40 +0530
Processing by HomeController#index as HTML
  Rendering home/index.html.erb within layouts/application
  Rendered home/index.html.erb within layouts/application (Duration: 0.0ms | Allocations: 4)
[Webpacker] Everything's up-to-date. Nothing to do
Completed 200 OK in 9ms (Views: 8.2ms | ActiveRecord: 0.0ms | Allocations: 3402)


Started GET "/" for ::1 at 2022-08-04 11:51:20 +0530
Processing by HomeController#index as HTML
  Rendering home/index.html.erb within layouts/application
  Rendered home/index.html.erb within layouts/application (Duration: 3.1ms | Allocations: 191)
[Webpacker] Everything's up-to-date. Nothing to do
Completed 200 OK in 43ms (Views: 31.4ms | ActiveRecord: 0.0ms | Allocations: 15872)


Started GET "/" for ::1 at 2022-08-04 11:51:22 +0530
Processing by HomeController#index as HTML
  Rendering home/index.html.erb within layouts/application
  Rendered home/index.html.erb within layouts/application (Duration: 0.0ms | Allocations: 5)
[Webpacker] Everything's up-to-date. Nothing to do
Completed 200 OK in 6ms (Views: 5.1ms | ActiveRecord: 0.0ms | Allocations: 3637)


Started GET "/" for ::1 at 2022-08-04 11:51:23 +0530
Processing by HomeController#index as HTML
  Rendering home/index.html.erb within layouts/application
  Rendered home/index.html.erb within layouts/application (Duration: 0.1ms | Allocations: 5)
[Webpacker] Everything's up-to-date. Nothing to do
Completed 200 OK in 9ms (Views: 7.4ms | ActiveRecord: 0.0ms | Allocations: 3634)


Started GET "/" for ::1 at 2022-08-04 11:55:45 +0530
Processing by HomeController#index as HTML
  Rendering home/index.html.erb within layouts/application
  Rendered home/index.html.erb within layouts/application (Duration: 1.9ms | Allocations: 633)
[Webpacker] Everything's up-to-date. Nothing to do
Completed 200 OK in 22ms (Views: 20.7ms | ActiveRecord: 0.0ms | Allocations: 8100)


Started GET "/" for ::1 at 2022-08-04 11:56:03 +0530
Processing by HomeController#index as HTML
  Rendering home/index.html.erb within layouts/application
  Rendered home/index.html.erb within layouts/application (Duration: 0.9ms | Allocations: 614)
[Webpacker] Everything's up-to-date. Nothing to do
Completed 200 OK in 5ms (Views: 4.3ms | ActiveRecord: 0.0ms | Allocations: 4847)


Started GET "/" for ::1 at 2022-08-04 11:56:18 +0530
Processing by HomeController#index as HTML
  Rendering home/index.html.erb within layouts/application
  Rendered home/index.html.erb within layouts/application (Duration: 0.9ms | Allocations: 616)
[Webpacker] Everything's up-to-date. Nothing to do
Completed 200 OK in 7ms (Views: 6.3ms | ActiveRecord: 0.0ms | Allocations: 4845)


Started GET "/" for ::1 at 2022-08-04 11:59:37 +0530
Processing by HomeController#index as HTML
  Rendering home/index.html.erb within layouts/application
  Rendered home/index.html.erb within layouts/application (Duration: 2.3ms | Allocations: 193)
[Webpacker] Everything's up-to-date. Nothing to do
Completed 200 OK in 38ms (Views: 26.4ms | ActiveRecord: 0.0ms | Allocations: 15395)


Started GET "/" for ::1 at 2022-08-04 11:59:38 +0530
Processing by HomeController#index as HTML
  Rendering home/index.html.erb within layouts/application
  Rendered home/index.html.erb within layouts/application (Duration: 0.1ms | Allocations: 5)
[Webpacker] Everything's up-to-date. Nothing to do
Completed 200 OK in 9ms (Views: 8.1ms | ActiveRecord: 0.0ms | Allocations: 3643)


Started GET "/" for ::1 at 2022-08-04 12:00:05 +0530
Processing by HomeController#index as HTML
  Rendering home/index.html.erb within layouts/application
  Rendered home/index.html.erb within layouts/application (Duration: 0.5ms | Allocations: 82)
[Webpacker] Everything's up-to-date. Nothing to do
Completed 200 OK in 11ms (Views: 9.3ms | ActiveRecord: 0.0ms | Allocations: 4627)


Started GET "/" for ::1 at 2022-08-04 12:00:06 +0530
Processing by HomeController#index as HTML
  Rendering home/index.html.erb within layouts/application
  Rendered home/index.html.erb within layouts/application (Duration: 0.0ms | Allocations: 5)
[Webpacker] Everything's up-to-date. Nothing to do
Completed 200 OK in 7ms (Views: 6.3ms | ActiveRecord: 0.0ms | Allocations: 3628)


Started GET "/" for ::1 at 2022-08-04 12:00:07 +0530
Processing by HomeController#index as HTML
  Rendering home/index.html.erb within layouts/application
  Rendered home/index.html.erb within layouts/application (Duration: 0.1ms | Allocations: 5)
[Webpacker] Everything's up-to-date. Nothing to do
Completed 200 OK in 9ms (Views: 8.1ms | ActiveRecord: 0.0ms | Allocations: 3634)


Started GET "/" for ::1 at 2022-08-04 12:00:08 +0530
Processing by HomeController#index as HTML
  Rendering home/index.html.erb within layouts/application
  Rendered home/index.html.erb within layouts/application (Duration: 0.1ms | Allocations: 5)
[Webpacker] Everything's up-to-date. Nothing to do
Completed 200 OK in 8ms (Views: 6.7ms | ActiveRecord: 0.0ms | Allocations: 3622)


Started GET "/" for ::1 at 2022-08-04 12:00:17 +0530
Processing by HomeController#index as HTML
  Rendering home/index.html.erb within layouts/application
  Rendered home/index.html.erb within layouts/application (Duration: 0.0ms | Allocations: 4)
[Webpacker] Everything's up-to-date. Nothing to do
Completed 200 OK in 20ms (Views: 19.0ms | ActiveRecord: 0.0ms | Allocations: 8621)


Started GET "/" for ::1 at 2022-08-04 12:00:18 +0530
Processing by HomeController#index as HTML
  Rendering home/index.html.erb within layouts/application
  Rendered home/index.html.erb within layouts/application (Duration: 0.1ms | Allocations: 4)
[Webpacker] Everything's up-to-date. Nothing to do
Completed 200 OK in 8ms (Views: 7.6ms | ActiveRecord: 0.0ms | Allocations: 3634)


Started GET "/" for ::1 at 2022-08-04 12:00:19 +0530
Processing by HomeController#index as HTML
  Rendering home/index.html.erb within layouts/application
  Rendered home/index.html.erb within layouts/application (Duration: 0.1ms | Allocations: 4)
[Webpacker] Everything's up-to-date. Nothing to do
Completed 200 OK in 8ms (Views: 6.8ms | ActiveRecord: 0.0ms | Allocations: 3620)


Started GET "/" for ::1 at 2022-08-04 12:01:08 +0530
Processing by HomeController#index as HTML
  Rendering home/index.html.erb within layouts/application
  Rendered home/index.html.erb within layouts/application (Duration: 0.1ms | Allocations: 4)
[Webpacker] Everything's up-to-date. Nothing to do
Completed 200 OK in 16ms (Views: 15.1ms | ActiveRecord: 0.0ms | Allocations: 7056)


Started GET "/" for ::1 at 2022-08-04 12:01:09 +0530
Processing by HomeController#index as HTML
  Rendering home/index.html.erb within layouts/application
  Rendered home/index.html.erb within layouts/application (Duration: 0.1ms | Allocations: 4)
[Webpacker] Everything's up-to-date. Nothing to do
Completed 200 OK in 7ms (Views: 6.2ms | ActiveRecord: 0.0ms | Allocations: 3413)


Started GET "/" for ::1 at 2022-08-04 12:02:46 +0530
Processing by HomeController#index as HTML
  Rendering home/index.html.erb within layouts/application
  Rendered home/index.html.erb within layouts/application (Duration: 2.3ms | Allocations: 600)
[Webpacker] Everything's up-to-date. Nothing to do
Completed 200 OK in 9ms (Views: 8.7ms | ActiveRecord: 0.0ms | Allocations: 4976)


Started GET "/" for ::1 at 2022-08-04 12:04:19 +0530
Processing by HomeController#index as HTML
  Rendering home/index.html.erb within layouts/application
  Rendered home/index.html.erb within layouts/application (Duration: 1.3ms | Allocations: 506)
[Webpacker] Everything's up-to-date. Nothing to do
Completed 200 OK in 16ms (Views: 15.1ms | ActiveRecord: 0.0ms | Allocations: 7527)


Started GET "/" for ::1 at 2022-08-04 12:04:21 +0530
Processing by HomeController#index as HTML
  Rendering home/index.html.erb within layouts/application
  Rendered home/index.html.erb within layouts/application (Duration: 1.2ms | Allocations: 505)
[Webpacker] Everything's up-to-date. Nothing to do
Completed 200 OK in 8ms (Views: 7.1ms | ActiveRecord: 0.0ms | Allocations: 3830)


Started GET "/" for ::1 at 2022-08-04 12:04:36 +0530
Processing by HomeController#index as HTML
  Rendering home/index.html.erb within layouts/application
  Rendered home/index.html.erb within layouts/application (Duration: 2.0ms | Allocations: 623)
[Webpacker] Everything's up-to-date. Nothing to do
Completed 200 OK in 13ms (Views: 11.6ms | ActiveRecord: 0.0ms | Allocations: 4890)


Started GET "/" for ::1 at 2022-08-04 12:05:17 +0530
Processing by HomeController#index as HTML
  Rendering home/index.html.erb within layouts/application
  Rendered home/index.html.erb within layouts/application (Duration: 2.9ms | Allocations: 630)
[Webpacker] Everything's up-to-date. Nothing to do
Completed 200 OK in 13ms (Views: 12.0ms | ActiveRecord: 0.0ms | Allocations: 4857)


Started GET "/" for ::1 at 2022-08-04 12:05:18 +0530
Processing by HomeController#index as HTML
  Rendering home/index.html.erb within layouts/application
  Rendered home/index.html.erb within layouts/application (Duration: 1.3ms | Allocations: 542)
[Webpacker] Everything's up-to-date. Nothing to do
Completed 200 OK in 8ms (Views: 6.9ms | ActiveRecord: 0.0ms | Allocations: 3877)


Started GET "/" for ::1 at 2022-08-04 12:06:27 +0530
Processing by HomeController#index as HTML
  Rendering home/index.html.erb within layouts/application
  Rendered home/index.html.erb within layouts/application (Duration: 1.5ms | Allocations: 542)
[Webpacker] Everything's up-to-date. Nothing to do
Completed 200 OK in 17ms (Views: 16.2ms | ActiveRecord: 0.0ms | Allocations: 7566)


Started GET "/" for ::1 at 2022-08-04 12:07:48 +0530
Processing by HomeController#index as HTML
  Rendering home/index.html.erb within layouts/application
  Rendered home/index.html.erb within layouts/application (Duration: 1.6ms | Allocations: 542)
[Webpacker] Everything's up-to-date. Nothing to do
Completed 200 OK in 18ms (Views: 16.5ms | ActiveRecord: 0.0ms | Allocations: 7095)


Started GET "/" for ::1 at 2022-08-04 12:08:04 +0530
Processing by HomeController#index as HTML
  Rendering home/index.html.erb within layouts/application
  Rendered home/index.html.erb within layouts/application (Duration: 2.3ms | Allocations: 631)
[Webpacker] Everything's up-to-date. Nothing to do
Completed 200 OK in 9ms (Views: 8.3ms | ActiveRecord: 0.0ms | Allocations: 4865)


Started GET "/" for ::1 at 2022-08-04 12:08:13 +0530
Processing by HomeController#index as HTML
  Rendering home/index.html.erb within layouts/application
  Rendered home/index.html.erb within layouts/application (Duration: 0.9ms | Allocations: 629)
[Webpacker] Everything's up-to-date. Nothing to do
Completed 200 OK in 5ms (Views: 4.5ms | ActiveRecord: 0.0ms | Allocations: 4856)


Started GET "/" for ::1 at 2022-08-04 12:25:00 +0530
Processing by HomeController#index as HTML
  Rendering home/index.html.erb within layouts/application
  Rendered home/index.html.erb within layouts/application (Duration: 205.6ms | Allocations: 128735)
Completed 500 Internal Server Error in 209ms (ActiveRecord: 0.0ms | Allocations: 129971)


  
ActionView::Template::Error (undefined local variable or method `new_post_path' for #<#<Class:0x000055b4027c6df0>:0x000055b4027b3c78>
Did you mean?  new_polymorphic_path):
    1: <div class="header">
    2:   <h1>Welcome!!! To Salon</h1>
    3:   <%= link_to '<button type="button">New Post</button>'.html_safe, new_post_path %>
    4: </div>
    5: <br>
    6: <%= image_tag "background.jpeg", style: "width: 100%;"%>
  
app/views/home/index.html.erb:3
Started GET "/" for ::1 at 2022-08-04 12:25:15 +0530
Processing by HomeController#index as HTML
  Rendering home/index.html.erb within layouts/application
  Rendered home/index.html.erb within layouts/application (Duration: 3.6ms | Allocations: 1027)
[Webpacker] Everything's up-to-date. Nothing to do
Completed 200 OK in 14ms (Views: 12.5ms | ActiveRecord: 0.0ms | Allocations: 5280)


Started GET "/" for ::1 at 2022-08-04 12:29:57 +0530
Processing by HomeController#index as HTML
  Rendering home/index.html.erb within layouts/application
  Rendered home/index.html.erb within layouts/application (Duration: 11.2ms | Allocations: 8180)
[Webpacker] Compiling...
[Webpacker] Compiled all packs in /home/bacancy/UdemyProject/Salon_App/salon_app/public/packs
[Webpacker] Though the "loose" option was set to "false" in your @babel/preset-env config, it will not be used for @babel/plugin-proposal-private-property-in-object since the "loose" mode option was set to "true" for @babel/plugin-proposal-class-properties.
The "loose" option must be the same for @babel/plugin-proposal-class-properties, @babel/plugin-proposal-private-methods and @babel/plugin-proposal-private-property-in-object (when they are enabled): you can silence this warning by explicitly adding
	["@babel/plugin-proposal-private-property-in-object", { "loose": true }]
to the "plugins" section of your Babel config.
Though the "loose" option was set to "false" in your @babel/preset-env config, it will not be used for @babel/plugin-proposal-private-methods since the "loose" mode option was set to "true" for @babel/plugin-proposal-private-property-in-object.
The "loose" option must be the same for @babel/plugin-proposal-class-properties, @babel/plugin-proposal-private-methods and @babel/plugin-proposal-private-property-in-object (when they are enabled): you can silence this warning by explicitly adding
	["@babel/plugin-proposal-private-methods", { "loose": true }]
to the "plugins" section of your Babel config.

[Webpacker] Hash: a6a9bb7f54bd6fe24bd4
Version: webpack 4.46.0
Time: 613ms
Built at: 04/08/2022 12:29:59 pm
                                     Asset       Size       Chunks                         Chunk Names
    js/application-70be5824b28e41de8400.js    120 KiB  application  [emitted] [immutable]  application
js/application-70be5824b28e41de8400.js.map    136 KiB  application  [emitted] [dev]        application
                             manifest.json  364 bytes               [emitted]              
Entrypoint application = js/application-70be5824b28e41de8400.js js/application-70be5824b28e41de8400.js.map
[./app/javascript/channels sync recursive _channel\.js$] ./app/javascript/channels sync _channel\.js$ 160 bytes {application} [built]
[./app/javascript/channels/index.js] 211 bytes {application} [built]
[./app/javascript/packs/application.js] 823 bytes {application} [built]
    + 3 hidden modules

Completed 200 OK in 1580ms (Views: 1575.6ms | ActiveRecord: 0.0ms | Allocations: 18102)


Started GET "/" for ::1 at 2022-08-04 12:30:00 +0530
Processing by HomeController#index as HTML
  Rendering home/index.html.erb within layouts/application
  Rendered home/index.html.erb within layouts/application (Duration: 1.5ms | Allocations: 562)
[Webpacker] Everything's up-to-date. Nothing to do
Completed 200 OK in 8ms (Views: 7.4ms | ActiveRecord: 0.0ms | Allocations: 3924)


Started GET "/" for ::1 at 2022-08-04 12:30:37 +0530
Processing by HomeController#index as HTML
  Rendering home/index.html.erb within layouts/application
  Rendered home/index.html.erb within layouts/application (Duration: 3.5ms | Allocations: 1038)
[Webpacker] Everything's up-to-date. Nothing to do
Completed 200 OK in 14ms (Views: 13.0ms | ActiveRecord: 0.0ms | Allocations: 5290)


Started GET "/" for ::1 at 2022-08-04 12:30:39 +0530
Processing by HomeController#index as HTML
  Rendering home/index.html.erb within layouts/application
  Rendered home/index.html.erb within layouts/application (Duration: 2.1ms | Allocations: 648)
[Webpacker] Everything's up-to-date. Nothing to do
Completed 200 OK in 10ms (Views: 8.7ms | ActiveRecord: 0.0ms | Allocations: 3985)


Started GET "/" for ::1 at 2022-08-04 12:31:05 +0530
Processing by HomeController#index as HTML
  Rendering home/index.html.erb within layouts/application
  Rendered home/index.html.erb within layouts/application (Duration: 2.3ms | Allocations: 770)
[Webpacker] Everything's up-to-date. Nothing to do
Completed 200 OK in 12ms (Views: 10.5ms | ActiveRecord: 0.0ms | Allocations: 5016)


Started GET "/" for ::1 at 2022-08-04 12:31:26 +0530
Processing by HomeController#index as HTML
  Rendering home/index.html.erb within layouts/application
  Rendered home/index.html.erb within layouts/application (Duration: 3.0ms | Allocations: 767)
[Webpacker] Everything's up-to-date. Nothing to do
Completed 200 OK in 14ms (Views: 12.3ms | ActiveRecord: 0.0ms | Allocations: 5008)


Started GET "/" for ::1 at 2022-08-04 12:31:27 +0530
Processing by HomeController#index as HTML
  Rendering home/index.html.erb within layouts/application
  Rendered home/index.html.erb within layouts/application (Duration: 1.7ms | Allocations: 647)
[Webpacker] Everything's up-to-date. Nothing to do
Completed 200 OK in 10ms (Views: 9.2ms | ActiveRecord: 0.0ms | Allocations: 3992)


Started GET "/" for ::1 at 2022-08-04 12:31:48 +0530
Processing by HomeController#index as HTML
  Rendering home/index.html.erb within layouts/application
  Rendered home/index.html.erb within layouts/application (Duration: 2.9ms | Allocations: 764)
[Webpacker] Everything's up-to-date. Nothing to do
Completed 200 OK in 14ms (Views: 12.2ms | ActiveRecord: 0.0ms | Allocations: 5006)


Started GET "/" for ::1 at 2022-08-04 12:31:49 +0530
Processing by HomeController#index as HTML
  Rendering home/index.html.erb within layouts/application
  Rendered home/index.html.erb within layouts/application (Duration: 1.9ms | Allocations: 650)
[Webpacker] Everything's up-to-date. Nothing to do
Completed 200 OK in 10ms (Views: 8.9ms | ActiveRecord: 0.0ms | Allocations: 3996)


Started GET "/" for ::1 at 2022-08-04 12:32:20 +0530
Processing by HomeController#index as HTML
  Rendering home/index.html.erb within layouts/application
  Rendered home/index.html.erb within layouts/application (Duration: 3.6ms | Allocations: 753)
[Webpacker] Everything's up-to-date. Nothing to do
Completed 200 OK in 14ms (Views: 12.5ms | ActiveRecord: 0.0ms | Allocations: 4992)


Started GET "/" for ::1 at 2022-08-04 12:33:33 +0530
Processing by HomeController#index as HTML
  Rendering home/index.html.erb within layouts/application
  Rendered home/index.html.erb within layouts/application (Duration: 2.0ms | Allocations: 652)
[Webpacker] Everything's up-to-date. Nothing to do
Completed 200 OK in 11ms (Views: 10.0ms | ActiveRecord: 0.0ms | Allocations: 4884)


Started GET "/" for ::1 at 2022-08-04 12:34:05 +0530
Processing by HomeController#index as HTML
  Rendering home/index.html.erb within layouts/application
  Rendered home/index.html.erb within layouts/application (Duration: 1.8ms | Allocations: 657)
[Webpacker] Everything's up-to-date. Nothing to do
Completed 200 OK in 11ms (Views: 10.0ms | ActiveRecord: 0.0ms | Allocations: 4903)


Started GET "/" for ::1 at 2022-08-04 12:35:07 +0530
Processing by HomeController#index as HTML
  Rendering home/index.html.erb within layouts/application
  Rendered home/index.html.erb within layouts/application (Duration: 2.0ms | Allocations: 660)
[Webpacker] Everything's up-to-date. Nothing to do
Completed 200 OK in 12ms (Views: 10.3ms | ActiveRecord: 0.0ms | Allocations: 4892)


Started GET "/" for ::1 at 2022-08-04 12:35:39 +0530
Processing by HomeController#index as HTML
  Rendering home/index.html.erb within layouts/application
  Rendered home/index.html.erb within layouts/application (Duration: 1.4ms | Allocations: 563)
[Webpacker] Everything's up-to-date. Nothing to do
Completed 200 OK in 20ms (Views: 18.2ms | ActiveRecord: 0.0ms | Allocations: 7148)


Started GET "/" for ::1 at 2022-08-04 12:36:44 +0530
Processing by HomeController#index as HTML
  Rendering home/index.html.erb within layouts/application
  Rendered home/index.html.erb within layouts/application (Duration: 2.1ms | Allocations: 665)
[Webpacker] Everything's up-to-date. Nothing to do
Completed 200 OK in 21ms (Views: 19.8ms | ActiveRecord: 0.0ms | Allocations: 8165)


Started GET "/" for ::1 at 2022-08-04 12:36:59 +0530
Processing by HomeController#index as HTML
  Rendering home/index.html.erb within layouts/application
  Rendered home/index.html.erb within layouts/application (Duration: 2.1ms | Allocations: 659)
[Webpacker] Everything's up-to-date. Nothing to do
Completed 200 OK in 11ms (Views: 9.9ms | ActiveRecord: 0.0ms | Allocations: 4885)


Started GET "/" for ::1 at 2022-08-04 12:37:01 +0530
Processing by HomeController#index as HTML
  Rendering home/index.html.erb within layouts/application
  Rendered home/index.html.erb within layouts/application (Duration: 1.5ms | Allocations: 561)
[Webpacker] Everything's up-to-date. Nothing to do
Completed 200 OK in 9ms (Views: 8.0ms | ActiveRecord: 0.0ms | Allocations: 3896)


Started GET "/" for ::1 at 2022-08-04 12:37:09 +0530
Processing by HomeController#index as HTML
  Rendering home/index.html.erb within layouts/application
  Rendered home/index.html.erb within layouts/application (Duration: 1.5ms | Allocations: 660)
[Webpacker] Everything's up-to-date. Nothing to do
Completed 200 OK in 7ms (Views: 6.1ms | ActiveRecord: 0.0ms | Allocations: 4893)


Started GET "/" for ::1 at 2022-08-04 12:38:17 +0530
Processing by HomeController#index as HTML
  Rendering home/index.html.erb within layouts/application
  Rendered home/index.html.erb within layouts/application (Duration: 2.9ms | Allocations: 961)
[Webpacker] Everything's up-to-date. Nothing to do
Completed 200 OK in 12ms (Views: 10.7ms | ActiveRecord: 0.0ms | Allocations: 5204)


Started GET "/" for ::1 at 2022-08-04 12:39:58 +0530
Processing by HomeController#index as HTML
  Rendering home/index.html.erb within layouts/application
  Rendered home/index.html.erb within layouts/application (Duration: 3.5ms | Allocations: 926)
[Webpacker] Everything's up-to-date. Nothing to do
Completed 200 OK in 16ms (Views: 13.9ms | ActiveRecord: 0.0ms | Allocations: 5174)


Started GET "/" for ::1 at 2022-08-04 12:40:24 +0530
Processing by HomeController#index as HTML
  Rendering home/index.html.erb within layouts/application
  Rendered home/index.html.erb within layouts/application (Duration: 2.7ms | Allocations: 940)
[Webpacker] Everything's up-to-date. Nothing to do
Completed 200 OK in 14ms (Views: 12.4ms | ActiveRecord: 0.0ms | Allocations: 5170)


Started GET "/" for ::1 at 2022-08-04 12:40:26 +0530
Processing by HomeController#index as HTML
  Rendering home/index.html.erb within layouts/application
  Rendered home/index.html.erb within layouts/application (Duration: 2.0ms | Allocations: 819)
[Webpacker] Everything's up-to-date. Nothing to do
Completed 200 OK in 9ms (Views: 8.1ms | ActiveRecord: 0.0ms | Allocations: 4150)


Started GET "/" for ::1 at 2022-08-04 12:40:30 +0530
Processing by HomeController#index as HTML
  Rendering home/index.html.erb within layouts/application
  Rendered home/index.html.erb within layouts/application (Duration: 1.9ms | Allocations: 812)
[Webpacker] Everything's up-to-date. Nothing to do
Completed 200 OK in 10ms (Views: 8.7ms | ActiveRecord: 0.0ms | Allocations: 4145)


Started GET "/" for ::1 at 2022-08-04 12:40:49 +0530
Processing by HomeController#index as HTML
  Rendering home/index.html.erb within layouts/application
  Rendered home/index.html.erb within layouts/application (Duration: 3.0ms | Allocations: 1049)
[Webpacker] Everything's up-to-date. Nothing to do
Completed 200 OK in 13ms (Views: 11.1ms | ActiveRecord: 0.0ms | Allocations: 5287)


Started GET "/" for ::1 at 2022-08-04 12:41:13 +0530
Processing by HomeController#index as HTML
  Rendering home/index.html.erb within layouts/application
  Rendered home/index.html.erb within layouts/application (Duration: 280.7ms | Allocations: 138854)
Completed 500 Internal Server Error in 285ms (ActiveRecord: 0.0ms | Allocations: 140097)


  
ActionView::Template::Error (undefined local variable or method `new_subject_path' for #<#<Class:0x0000560a63c79020>:0x0000560a63c6db58>):
     7: 	    <h1>Welcome!!! To Salon</h1>
     8: 	  </div>
     9: 	  <div class="column">
    10: 	    <%= link_to 'Add Class', new_subject_path, class: "btn btn-primary"%>
    11: 	  </div>
    12: 	</div>
    13: </div>
  
app/views/home/index.html.erb:10
  [1m[35m (41.9ms)[0m  [1m[35mCREATE TABLE `schema_migrations` (`version` varchar(255) NOT NULL PRIMARY KEY)[0m
  [1m[35m (48.7ms)[0m  [1m[35mCREATE TABLE `ar_internal_metadata` (`key` varchar(255) NOT NULL PRIMARY KEY, `value` varchar(255), `created_at` datetime(6) NOT NULL, `updated_at` datetime(6) NOT NULL)[0m
  [1m[35m (0.1ms)[0m  [1m[34mSELECT GET_LOCK('8572889013102436890', 0)[0m
  [1m[35m (7.8ms)[0m  [1m[34mSELECT `schema_migrations`.`version` FROM `schema_migrations` ORDER BY `schema_migrations`.`version` ASC[0m
Migrating to CreateSalonInfos (20220804072238)
  [1m[35m (26.0ms)[0m  [1m[35mCREATE TABLE `salon_infos` (`id` bigint NOT NULL AUTO_INCREMENT PRIMARY KEY, `company_name` varchar(255), `gstin` varchar(255), `pan` varchar(255), `address` text, `chair_count` int, `day` int, `open` time, `closes` time, `created_at` datetime(6) NOT NULL, `updated_at` datetime(6) NOT NULL)[0m
  [1m[35m (0.2ms)[0m  [1m[35mBEGIN[0m
  [1m[36mActiveRecord::SchemaMigration Create (0.6ms)[0m  [1m[32mINSERT INTO `schema_migrations` (`version`) VALUES ('20220804072238')[0m
  [1m[35m (10.2ms)[0m  [1m[35mCOMMIT[0m
  [1m[36mActiveRecord::InternalMetadata Load (1.3ms)[0m  [1m[34mSELECT `ar_internal_metadata`.* FROM `ar_internal_metadata` WHERE `ar_internal_metadata`.`key` = 'environment' LIMIT 1[0m
  [1m[35m (0.3ms)[0m  [1m[35mBEGIN[0m
  [1m[36mActiveRecord::InternalMetadata Create (0.6ms)[0m  [1m[32mINSERT INTO `ar_internal_metadata` (`key`, `value`, `created_at`, `updated_at`) VALUES ('environment', 'development', '2022-08-04 07:24:33.608199', '2022-08-04 07:24:33.608199')[0m
  [1m[35m (22.3ms)[0m  [1m[35mCOMMIT[0m
  [1m[35m (0.5ms)[0m  [1m[34mSELECT RELEASE_LOCK('8572889013102436890')[0m
  [1m[35m (0.7ms)[0m  [1m[34mSELECT `schema_migrations`.`version` FROM `schema_migrations` ORDER BY `schema_migrations`.`version` ASC[0m
Started GET "/" for ::1 at 2022-08-04 12:54:58 +0530
  [1m[35m (0.7ms)[0m  [1m[34mSELECT `schema_migrations`.`version` FROM `schema_migrations` ORDER BY `schema_migrations`.`version` ASC[0m
Processing by HomeController#index as HTML
  Rendering home/index.html.erb within layouts/application
  Rendered home/index.html.erb within layouts/application (Duration: 181.2ms | Allocations: 134524)
Completed 500 Internal Server Error in 195ms (ActiveRecord: 0.0ms | Allocations: 137362)


  
ActionView::Template::Error (undefined local variable or method `new_subject_path' for #<#<Class:0x00007f45207df3b8>:0x00007f45207ddae0>):
     7: 	    <h1>Welcome!!! To Salon</h1>
     8: 	  </div>
     9: 	  <div class="column">
    10: 	    <%= link_to 'Salon Register Here', new_subject_path, class: "btn btn-primary"%>
    11: 	  </div>
    12: 	</div>
    13: </div>
  
app/views/home/index.html.erb:10
DEPRECATION WARNING: Using `bin/rake routes` is deprecated and will be removed in Rails 6.1. Use `bin/rails routes` instead.
 (called from load at /home/bacancy/.rvm/gems/ruby-2.7.2/bin/rake:23)
Started GET "/" for ::1 at 2022-08-04 13:05:05 +0530
  [1m[35m (0.9ms)[0m  [1m[34mSELECT `schema_migrations`.`version` FROM `schema_migrations` ORDER BY `schema_migrations`.`version` ASC[0m
Processing by HomeController#index as HTML
  Rendering home/index.html.erb within layouts/application
  Rendered home/index.html.erb within layouts/application (Duration: 10.6ms | Allocations: 6141)
[Webpacker] Everything's up-to-date. Nothing to do
Completed 200 OK in 26ms (Views: 15.5ms | ActiveRecord: 0.0ms | Allocations: 12107)


Started GET "/" for ::1 at 2022-08-04 13:05:46 +0530
Processing by HomeController#index as HTML
  Rendering home/index.html.erb within layouts/application
  Rendered home/index.html.erb within layouts/application (Duration: 2.1ms | Allocations: 620)
[Webpacker] Everything's up-to-date. Nothing to do
Completed 200 OK in 10ms (Views: 9.1ms | ActiveRecord: 0.0ms | Allocations: 3948)


Started GET "/" for ::1 at 2022-08-04 13:16:15 +0530
Processing by HomeController#index as HTML
  Rendering home/index.html.erb within layouts/application
  Rendered home/index.html.erb within layouts/application (Duration: 1.4ms | Allocations: 738)
[Webpacker] Everything's up-to-date. Nothing to do
Completed 200 OK in 7ms (Views: 6.1ms | ActiveRecord: 0.0ms | Allocations: 4934)


Started GET "/" for ::1 at 2022-08-04 13:16:25 +0530
  [1m[35m (1.5ms)[0m  [1m[34mSELECT `schema_migrations`.`version` FROM `schema_migrations` ORDER BY `schema_migrations`.`version` ASC[0m
Processing by HomeController#index as HTML
  Rendering home/index.html.erb within layouts/application
  Rendered home/index.html.erb within layouts/application (Duration: 3.8ms | Allocations: 2515)
[Webpacker] Everything's up-to-date. Nothing to do
Completed 200 OK in 18ms (Views: 8.6ms | ActiveRecord: 0.0ms | Allocations: 8478)


Started GET "/salon_infos/new" for ::1 at 2022-08-04 13:16:27 +0530
Processing by SalonInfosController#new as HTML
Completed 406 Not Acceptable in 3214ms (ActiveRecord: 0.0ms | Allocations: 75806)


  
ActionController::MissingExactTemplate (SalonInfosController#new is missing a template for request formats: text/html):
  
actionpack (6.0.5.1) lib/action_controller/metal/implicit_render.rb:45:in `default_render'
actionpack (6.0.5.1) lib/action_controller/metal/basic_implicit_render.rb:6:in `block in send_action'
actionpack (6.0.5.1) lib/action_controller/metal/basic_implicit_render.rb:6:in `tap'
actionpack (6.0.5.1) lib/action_controller/metal/basic_implicit_render.rb:6:in `send_action'
actionpack (6.0.5.1) lib/abstract_controller/base.rb:195:in `process_action'
actionpack (6.0.5.1) lib/action_controller/metal/rendering.rb:30:in `process_action'
actionpack (6.0.5.1) lib/abstract_controller/callbacks.rb:42:in `block in process_action'
activesupport (6.0.5.1) lib/active_support/callbacks.rb:112:in `block in run_callbacks'
actiontext (6.0.5.1) lib/action_text/rendering.rb:19:in `with_renderer'
actiontext (6.0.5.1) lib/action_text/engine.rb:55:in `block (4 levels) in <class:Engine>'
activesupport (6.0.5.1) lib/active_support/callbacks.rb:121:in `instance_exec'
activesupport (6.0.5.1) lib/active_support/callbacks.rb:121:in `block in run_callbacks'
activesupport (6.0.5.1) lib/active_support/callbacks.rb:139:in `run_callbacks'
actionpack (6.0.5.1) lib/abstract_controller/callbacks.rb:41:in `process_action'
actionpack (6.0.5.1) lib/action_controller/metal/rescue.rb:22:in `process_action'
actionpack (6.0.5.1) lib/action_controller/metal/instrumentation.rb:33:in `block in process_action'
activesupport (6.0.5.1) lib/active_support/notifications.rb:180:in `block in instrument'
activesupport (6.0.5.1) lib/active_support/notifications/instrumenter.rb:24:in `instrument'
activesupport (6.0.5.1) lib/active_support/notifications.rb:180:in `instrument'
actionpack (6.0.5.1) lib/action_controller/metal/instrumentation.rb:32:in `process_action'
actionpack (6.0.5.1) lib/action_controller/metal/params_wrapper.rb:245:in `process_action'
activerecord (6.0.5.1) lib/active_record/railties/controller_runtime.rb:27:in `process_action'
actionpack (6.0.5.1) lib/abstract_controller/base.rb:136:in `process'
actionview (6.0.5.1) lib/action_view/rendering.rb:39:in `process'
actionpack (6.0.5.1) lib/action_controller/metal.rb:190:in `dispatch'
actionpack (6.0.5.1) lib/action_controller/metal.rb:254:in `dispatch'
actionpack (6.0.5.1) lib/action_dispatch/routing/route_set.rb:50:in `dispatch'
actionpack (6.0.5.1) lib/action_dispatch/routing/route_set.rb:33:in `serve'
actionpack (6.0.5.1) lib/action_dispatch/journey/router.rb:49:in `block in serve'
actionpack (6.0.5.1) lib/action_dispatch/journey/router.rb:32:in `each'
actionpack (6.0.5.1) lib/action_dispatch/journey/router.rb:32:in `serve'
actionpack (6.0.5.1) lib/action_dispatch/routing/route_set.rb:834:in `call'
rack (2.2.4) lib/rack/tempfile_reaper.rb:15:in `call'
rack (2.2.4) lib/rack/etag.rb:27:in `call'
rack (2.2.4) lib/rack/conditional_get.rb:27:in `call'
rack (2.2.4) lib/rack/head.rb:12:in `call'
actionpack (6.0.5.1) lib/action_dispatch/http/content_security_policy.rb:18:in `call'
rack (2.2.4) lib/rack/session/abstract/id.rb:266:in `context'
rack (2.2.4) lib/rack/session/abstract/id.rb:260:in `call'
actionpack (6.0.5.1) lib/action_dispatch/middleware/cookies.rb:654:in `call'
activerecord (6.0.5.1) lib/active_record/migration.rb:567:in `call'
actionpack (6.0.5.1) lib/action_dispatch/middleware/callbacks.rb:27:in `block in call'
activesupport (6.0.5.1) lib/active_support/callbacks.rb:101:in `run_callbacks'
actionpack (6.0.5.1) lib/action_dispatch/middleware/callbacks.rb:26:in `call'
actionpack (6.0.5.1) lib/action_dispatch/middleware/executor.rb:14:in `call'
actionpack (6.0.5.1) lib/action_dispatch/middleware/actionable_exceptions.rb:18:in `call'
actionpack (6.0.5.1) lib/action_dispatch/middleware/debug_exceptions.rb:32:in `call'
web-console (4.2.0) lib/web_console/middleware.rb:132:in `call_app'
web-console (4.2.0) lib/web_console/middleware.rb:28:in `block in call'
web-console (4.2.0) lib/web_console/middleware.rb:17:in `catch'
web-console (4.2.0) lib/web_console/middleware.rb:17:in `call'
actionpack (6.0.5.1) lib/action_dispatch/middleware/show_exceptions.rb:33:in `call'
railties (6.0.5.1) lib/rails/rack/logger.rb:37:in `call_app'
railties (6.0.5.1) lib/rails/rack/logger.rb:26:in `block in call'
activesupport (6.0.5.1) lib/active_support/tagged_logging.rb:80:in `block in tagged'
activesupport (6.0.5.1) lib/active_support/tagged_logging.rb:28:in `tagged'
activesupport (6.0.5.1) lib/active_support/tagged_logging.rb:80:in `tagged'
railties (6.0.5.1) lib/rails/rack/logger.rb:26:in `call'
sprockets-rails (3.4.2) lib/sprockets/rails/quiet_assets.rb:13:in `call'
actionpack (6.0.5.1) lib/action_dispatch/middleware/remote_ip.rb:81:in `call'
actionpack (6.0.5.1) lib/action_dispatch/middleware/request_id.rb:27:in `call'
rack (2.2.4) lib/rack/method_override.rb:24:in `call'
rack (2.2.4) lib/rack/runtime.rb:22:in `call'
activesupport (6.0.5.1) lib/active_support/cache/strategy/local_cache_middleware.rb:29:in `call'
actionpack (6.0.5.1) lib/action_dispatch/middleware/executor.rb:14:in `call'
actionpack (6.0.5.1) lib/action_dispatch/middleware/static.rb:126:in `call'
rack (2.2.4) lib/rack/sendfile.rb:110:in `call'
actionpack (6.0.5.1) lib/action_dispatch/middleware/host_authorization.rb:103:in `call'
webpacker (4.3.0) lib/webpacker/dev_server_proxy.rb:23:in `perform_request'
rack-proxy (0.7.2) lib/rack/proxy.rb:67:in `call'
railties (6.0.5.1) lib/rails/engine.rb:527:in `call'
puma (4.3.12) lib/puma/configuration.rb:228:in `call'
puma (4.3.12) lib/puma/server.rb:727:in `handle_request'
puma (4.3.12) lib/puma/server.rb:476:in `process_client'
puma (4.3.12) lib/puma/server.rb:332:in `block in run'
puma (4.3.12) lib/puma/thread_pool.rb:134:in `block in spawn_thread'
Started GET "/" for ::1 at 2022-08-04 13:28:24 +0530
  [1m[35m (0.3ms)[0m  [1m[34mSELECT `schema_migrations`.`version` FROM `schema_migrations` ORDER BY `schema_migrations`.`version` ASC[0m
Processing by HomeController#index as HTML
  Rendering home/index.html.erb within layouts/application
  Rendered home/index.html.erb within layouts/application (Duration: 3.5ms | Allocations: 2515)
[Webpacker] Everything's up-to-date. Nothing to do
Completed 200 OK in 13ms (Views: 8.0ms | ActiveRecord: 0.0ms | Allocations: 8478)


Started GET "/salon_infos/new" for ::1 at 2022-08-04 13:28:26 +0530
Processing by SalonInfosController#new as HTML
  Rendering salon_infos/new.html.erb within layouts/application
  Rendered salon_infos/new.html.erb within layouts/application (Duration: 0.5ms | Allocations: 66)
[Webpacker] Everything's up-to-date. Nothing to do
Completed 200 OK in 3122ms (Views: 9.0ms | ActiveRecord: 0.0ms | Allocations: 46337)


